  enemigo.cpp
  game.cpp
  main.cpp
  plataforma.cpp
C:\Users\maria\OneDrive\Escritorio\TP INTEGRADOR\Tp integrador FUGA\source\game.cpp(234,86): warning C4244: 'argumento': conversión de 'float' a 'int'; posible pérdida de datos
C:\Users\maria\OneDrive\Escritorio\TP INTEGRADOR\Tp integrador FUGA\source\game.cpp(234,65): warning C4244: 'argumento': conversión de 'float' a 'int'; posible pérdida de datos
C:\Users\maria\OneDrive\Escritorio\TP INTEGRADOR\Tp integrador FUGA\source\game.cpp(234,48): warning C4244: 'argumento': conversión de 'float' a 'int'; posible pérdida de datos
C:\Users\maria\OneDrive\Escritorio\TP INTEGRADOR\Tp integrador FUGA\source\game.cpp(234,31): warning C4244: 'argumento': conversión de 'float' a 'int'; posible pérdida de datos
  player.cpp
C:\Users\maria\OneDrive\Escritorio\TP INTEGRADOR\Tp integrador FUGA\source\player.cpp(96,12): warning C4458: la declaración de 'saltoInicioY' oculta el miembro de clase
      C:\Users\maria\OneDrive\Escritorio\TP INTEGRADOR\Tp integrador FUGA\source\player.h(18,9):
      vea la declaración de 'player::saltoInicioY'
  
C:\Users\maria\OneDrive\Escritorio\TP INTEGRADOR\Tp integrador FUGA\source\player.cpp(129,11): warning C4189: 'alturaPantalla': la variable local se ha inicializado pero no se hace referencia a ella
  ventanainicio.cpp
C:\Users\maria\OneDrive\Escritorio\TP INTEGRADOR\Tp integrador FUGA\source\ventanainicio.cpp(25,9): warning C4244: 'return': conversión de 'int' a 'float'; posible pérdida de datos
C:\Users\maria\OneDrive\Escritorio\TP INTEGRADOR\Tp integrador FUGA\source\ventanainicio.cpp(28,9): warning C4244: 'return': conversión de 'int' a 'float'; posible pérdida de datos
  Generando código...
LINK : warning LNK4098: la biblioteca predeterminada'MSVCRT' entra en conflicto con otras bibliotecas; use la biblioteca /NODEFAULTLIB:biblioteca
  RaylibTemplate.vcxproj -> C:\Users\maria\OneDrive\Escritorio\TP INTEGRADOR\Tp integrador FUGA\source\x64\Debug\RaylibTemplate.exe
  0 archivo(s) copiado(s)
  0 archivo(s) copiado(s)
  0 archivo(s) copiado(s)
